Using pre-set license
Built from '2022.3/staging' branch; Version is '2022.3.49f1 (4dae1bb8668d) revision 5090843'; Using compiler version '192829333'; Build Type 'Release'
OS: 'Windows 11  (10.0.26200) 64bit Professional' Language: 'en' Physical Memory: 5996 MB
BatchMode: 1, IsHumanControllingUs: 0, StartBugReporterOnCrash: 0, Is64bit: 1, IsPro: 1

COMMAND LINE ARGUMENTS:
C:\Program Files\Unity\Hub\Editor\2022.3.49f1\Editor\Unity.exe
-adb2
-batchMode
-noUpm
-name
AssetImportWorker0
-projectPath
C:/Users/Noureldin/Documents/GitHub/Smart-Checkpoints
-logFile
Logs/AssetImportWorker0.log
-srvPort
63765
Successfully changed project path to: C:/Users/Noureldin/Documents/GitHub/Smart-Checkpoints
C:/Users/Noureldin/Documents/GitHub/Smart-Checkpoints
[UnityMemory] Configuration Parameters - Can be set up in boot.config
    "memorysetup-bucket-allocator-granularity=16"
    "memorysetup-bucket-allocator-bucket-count=8"
    "memorysetup-bucket-allocator-block-size=33554432"
    "memorysetup-bucket-allocator-block-count=8"
    "memorysetup-main-allocator-block-size=16777216"
    "memorysetup-thread-allocator-block-size=16777216"
    "memorysetup-gfx-main-allocator-block-size=16777216"
    "memorysetup-gfx-thread-allocator-block-size=16777216"
    "memorysetup-cache-allocator-block-size=4194304"
    "memorysetup-typetree-allocator-block-size=2097152"
    "memorysetup-profiler-bucket-allocator-granularity=16"
    "memorysetup-profiler-bucket-allocator-bucket-count=8"
    "memorysetup-profiler-bucket-allocator-block-size=33554432"
    "memorysetup-profiler-bucket-allocator-block-count=8"
    "memorysetup-profiler-allocator-block-size=16777216"
    "memorysetup-profiler-editor-allocator-block-size=1048576"
    "memorysetup-temp-allocator-size-main=16777216"
    "memorysetup-job-temp-allocator-block-size=2097152"
    "memorysetup-job-temp-allocator-block-size-background=1048576"
    "memorysetup-job-temp-allocator-reduction-small-platforms=262144"
    "memorysetup-allocator-temp-initial-block-size-main=262144"
    "memorysetup-allocator-temp-initial-block-size-worker=262144"
    "memorysetup-temp-allocator-size-background-worker=32768"
    "memorysetup-temp-allocator-size-job-worker=262144"
    "memorysetup-temp-allocator-size-preload-manager=33554432"
    "memorysetup-temp-allocator-size-nav-mesh-worker=65536"
    "memorysetup-temp-allocator-size-audio-worker=65536"
    "memorysetup-temp-allocator-size-cloud-worker=32768"
    "memorysetup-temp-allocator-size-gi-baking-worker=262144"
    "memorysetup-temp-allocator-size-gfx=262144"
Player connection [16452]  Target information:

Player connection [16452]  * "[IP] 192.168.1.11 [Port] 0 [Flags] 2 [Guid] 1498779756 [EditorId] 1498779756 [Version] 1048832 [Id] WindowsEditor(7,Nour-Eldin) [Debug] 1 [PackageName] WindowsEditor [ProjectName] Editor" 

Player connection [16452] Host joined multi-casting on [225.0.0.222:54997]...
Player connection [16452] Host joined alternative multi-casting on [225.0.0.222:34997]...
[PhysX] Initialized MultithreadedTaskDispatcher with 8 workers.
Refreshing native plugins compatible for Editor in 9.52 ms, found 3 plugins.
Preloading 0 native plugins for Editor in 0.00 ms.
Initialize engine version: 2022.3.49f1 (4dae1bb8668d)
[Subsystems] Discovering subsystems at path C:/Program Files/Unity/Hub/Editor/2022.3.49f1/Editor/Data/Resources/UnitySubsystems
[Subsystems] Discovering subsystems at path C:/Users/Noureldin/Documents/GitHub/Smart-Checkpoints/Assets
GfxDevice: creating device client; threaded=0; jobified=0
Direct3D:
    Version:  Direct3D 11.0 [level 11.1]
    Renderer: NVIDIA GeForce RTX 2050 (ID=0x25ad)
    Vendor:   NVIDIA
    VRAM:     3965 MB
    Driver:   32.0.15.7652
Initialize mono
Mono path[0] = 'C:/Program Files/Unity/Hub/Editor/2022.3.49f1/Editor/Data/Managed'
Mono path[1] = 'C:/Program Files/Unity/Hub/Editor/2022.3.49f1/Editor/Data/MonoBleedingEdge/lib/mono/unityjit-win32'
Mono config path = 'C:/Program Files/Unity/Hub/Editor/2022.3.49f1/Editor/Data/MonoBleedingEdge/etc'
Using monoOptions --debugger-agent=transport=dt_socket,embedding=1,server=y,suspend=n,address=127.0.0.1:56048
Begin MonoManager ReloadAssembly
Registering precompiled unity dll's ...
Register platform support module: C:/Program Files/Unity/Hub/Editor/2022.3.49f1/Editor/Data/PlaybackEngines/WebGLSupport/UnityEditor.WebGL.Extensions.dll
Register platform support module: C:/Program Files/Unity/Hub/Editor/2022.3.49f1/Editor/Data/PlaybackEngines/WindowsStandaloneSupport/UnityEditor.WindowsStandalone.Extensions.dll
Registered in 0.009017 seconds.
- Loaded All Assemblies, in  0.420 seconds
Native extension for WindowsStandalone target not found
Native extension for WebGL target not found
Mono: successfully reloaded assembly
- Finished resetting the current domain, in  0.308 seconds
Domain Reload Profiling: 726ms
	BeginReloadAssembly (128ms)
		ExecutionOrderSort (0ms)
		DisableScriptedObjects (0ms)
		BackupInstance (0ms)
		ReleaseScriptingObjects (0ms)
		CreateAndSetChildDomain (1ms)
	RebuildCommonClasses (43ms)
	RebuildNativeTypeToScriptingClass (10ms)
	initialDomainReloadingComplete (72ms)
	LoadAllAssembliesAndSetupDomain (165ms)
		LoadAssemblies (125ms)
		RebuildTransferFunctionScriptingTraits (0ms)
		AnalyzeDomain (162ms)
			TypeCache.Refresh (160ms)
				TypeCache.ScanAssembly (144ms)
			ScanForSourceGeneratedMonoScriptInfo (1ms)
			ResolveRequiredComponents (1ms)
	FinalizeReload (309ms)
		ReleaseScriptCaches (0ms)
		RebuildScriptCaches (0ms)
		SetupLoadedEditorAssemblies (255ms)
			LogAssemblyErrors (0ms)
			InitializePlatformSupportModulesInManaged (15ms)
			SetLoadedEditorAssemblies (6ms)
			RefreshPlugins (0ms)
			BeforeProcessingInitializeOnLoad (2ms)
			ProcessInitializeOnLoadAttributes (180ms)
			ProcessInitializeOnLoadMethodAttributes (52ms)
			AfterProcessingInitializeOnLoad (0ms)
			EditorAssembliesLoaded (0ms)
		ExecutionOrderSort2 (0ms)
		AwakeInstancesAfterBackupRestoration (0ms)
========================================================================
Worker process is ready to serve import requests
Caller must complete domain reload
Begin MonoManager ReloadAssembly
- Loaded All Assemblies, in  0.629 seconds
Native extension for WindowsStandalone target not found
Native extension for WebGL target not found
Mono: successfully reloaded assembly
- Finished resetting the current domain, in  0.436 seconds
Domain Reload Profiling: 1063ms
	BeginReloadAssembly (178ms)
		ExecutionOrderSort (0ms)
		DisableScriptedObjects (6ms)
		BackupInstance (0ms)
		ReleaseScriptingObjects (0ms)
		CreateAndSetChildDomain (29ms)
	RebuildCommonClasses (39ms)
	RebuildNativeTypeToScriptingClass (10ms)
	initialDomainReloadingComplete (47ms)
	LoadAllAssembliesAndSetupDomain (352ms)
		LoadAssemblies (346ms)
		RebuildTransferFunctionScriptingTraits (0ms)
		AnalyzeDomain (109ms)
			TypeCache.Refresh (101ms)
				TypeCache.ScanAssembly (88ms)
			ScanForSourceGeneratedMonoScriptInfo (2ms)
			ResolveRequiredComponents (3ms)
	FinalizeReload (437ms)
		ReleaseScriptCaches (0ms)
		RebuildScriptCaches (0ms)
		SetupLoadedEditorAssemblies (295ms)
			LogAssemblyErrors (0ms)
			InitializePlatformSupportModulesInManaged (11ms)
			SetLoadedEditorAssemblies (4ms)
			RefreshPlugins (0ms)
			BeforeProcessingInitializeOnLoad (75ms)
			ProcessInitializeOnLoadAttributes (174ms)
			ProcessInitializeOnLoadMethodAttributes (23ms)
			AfterProcessingInitializeOnLoad (8ms)
			EditorAssembliesLoaded (0ms)
		ExecutionOrderSort2 (0ms)
		AwakeInstancesAfterBackupRestoration (9ms)
Launched and connected shader compiler UnityShaderCompiler.exe after 0.06 seconds
Refreshing native plugins compatible for Editor in 12.22 ms, found 3 plugins.
Preloading 0 native plugins for Editor in 0.00 ms.
Unloading 3286 Unused Serialized files (Serialized files now loaded: 0)
Unloading 14 unused Assets / (54.7 KB). Loaded Objects now: 3749.
Memory consumption went from 121.3 MB to 121.2 MB.
Total: 6.484000 ms (FindLiveObjects: 1.031600 ms CreateObjectMapping: 0.443900 ms MarkObjects: 4.831000 ms  DeleteObjects: 0.174500 ms)

AssetImportParameters requested are different than current active one (requested -> active):
  custom:scripting/monoscript/fileName/SyncTestRunCallback.cs: 0f406f4b09f3b7bd1bfd8f867df2e978 -> 
  custom:video-encoder-webm-vp8: eb34c28f22e8b96e1ab97ce403110664 -> 
  custom:scripting/monoscript/fileName/UdpSocket.cs: 7555d065f81d23e6604acb91cf79ddd6 -> 
  custom:scripting/monoscript/fileName/ITestPlayerBuildModifier.cs: fe113c86bde5fdad424c8cc5e51fe0a4 -> 
  custom:scripting/monoscript/fileName/CallbackInitializer.cs: b6cad195ed4890ee7aed8c4de2807157 -> 
  custom:scripting/monoscript/fileName/RunData.cs: 772bee3d6504258eed6027a2ae076850 -> 
  custom:scripting/monoscript/fileName/ResultsSavingCallbacks.cs: 96b4b28711ac58ce3dc199f3f7371922 -> 
  custom:scripting/monoscript/fileName/RerunCallbackData.cs: 4e0f854372c4476a9269ddc9aa7c8edb -> 
  custom:video-decoder-webm-vp8: 9c59270c3fd7afecdb556c50c9e8de78 -> 
  custom:scripting/monoscript/fileName/AssetsDatabaseHelper.cs: e690d63c7b932a5efaeaf8c476198e75 -> 
  custom:scripting/monoscript/fileName/TestLauncherBase.cs: c78237b225a855d3af10df4cd8d6a1b2 -> 
  custom:scripting/monoscript/fileName/EditorAssembliesProxy.cs: ef0f2d44f3e723650bf58ba30866667b -> 
  custom:scripting/monoscript/fileName/PostbuildCleanupAttributeFinder.cs: a060814a414a9bab17671800d815861d -> 
  custom:scripting/monoscript/fileName/ITestAdaptor.cs: 1f6228260995615097fc339d08bee2f4 -> 
  custom:scripting/monoscript/fileName/RequirePlatformSupportAttribute.cs: 6918694e41aa1ffd5ee72bd04646d4bb -> 
  custom:scripting/monoscript/fileName/RiderTestRunner.cs: b9ea3ff0565ae2955ea8f15dd6e578d4 -> 
  custom:scripting/monoscript/fileName/ResultSummarizer.cs: fcfdcb2adeeb82cb8f411b44b44abdb0 -> 
  custom:scripting/monoscript/fileName/LegacyStyleProjectGeneration.cs: 4858a0ab74312ccaa3ff27a510a9d575 -> 
  custom:scripting/monoscript/fileName/TestJobDataHolder.cs: 2c9edeeac80ff44e86cac8087411d260 -> 
  custom:scripting/monoscript/fileName/FileUtility.cs: 2ac32d1be3995576c010e03a17edbd93 -> 
  custom:scripting/monoscript/fileName/TestListTreeViewGUI.cs: bf873c97e960a33b0be65a5b638e7ff5 -> 
  custom:scripting/monoscript/fileName/TestListCache.cs: ff7c7e6ac29ad86c5fe33a64ed0d2f4f -> 
  custom:scripting/monoscript/fileName/RiderAssetPostprocessor.cs: e95044eb94149eee30f5192e36c02104 -> 
  custom:scripting/monoscript/fileName/ExceptionEventArgs.cs: 27cb4c00a4137b184e01164606c88685 -> 
  custom:scripting/monoscript/fileName/EditModeRunnerCallback.cs: 8a8dedaa2bec26f26744df4ec8e2f191 -> 
  custom:scripting/monoscript/fileName/EnterPlayMode.cs: c730bf9ff77514bb260ba9933378e49c -> 
  custom:scripting/monoscript/fileName/SyncTestRunEventsHandler.cs: 9ebe337aca2d71ac02fccc5c886e0668 -> 
  custom:scripting/monoscript/fileName/Filter.cs: 935824dbebf762a19f2d4c4751625fe2 -> 
  custom:scripting/monoscript/fileName/TestJobRunner.cs: 1c3d9f2bfcdac33a01c4bb25c392ab4f -> 
  custom:scripting/monoscript/fileName/TestRunnerCallback.cs: 61231fce5590e38bfc5e9165e9803d8b -> 
  custom:scripting/monoscript/fileName/TestRunnerUIFilter.cs: 15cddad256d0a7abe9cb58af110bbb72 -> 
  custom:scripting/monoscript/fileName/SerializableVersion.cs: 66cf30c0372dc35aea960f71af56ff8a -> 
  custom:scripting/monoscript/fileName/RunFinishedData.cs: a22f15c3a79d1f15ccc31ec29ab37874 -> 
  custom:scripting/monoscript/fileName/PerformUndoTask.cs: f38e53873dc9c7e638622dda18102b41 -> 
  custom:scripting/monoscript/fileName/ITestRunnerApi.cs: a476c74c9cbf5732bdfc8c88b9702476 -> 
  custom:scripting/monoscript/fileName/RemoteTestResultReciever.cs: 3396dcbdb7cfcd933b2182fbc1532e1a -> 
  custom:scripting/monoscript/fileName/VisualStudioIntegration.cs: f9e623c49f9f20ea97a4519aa48d72d4 -> 
  custom:audio-decoder-ogg-vorbis: bf7c407c2cedff20999df2af8eb42d56 -> 
  custom:scripting/monoscript/fileName/RemotePlayerTestController.cs: a065d8dd9dff07ee3c40c0e473a65f06 -> 
  custom:scripting/monoscript/fileName/RiderInitializer.cs: d44ce07d40dcd4d066b6c1c8d08f3519 -> 
  custom:scripting/monoscript/fileName/PlayModeTestListGUI.cs: 9528035223f9376ea8c5bf32da2d30c1 -> 
  custom:scripting/monoscript/fileName/Image.cs: f32195bbbc1ca9edcb6c8c6185597e40 -> dab426e5f5622a0f37965b80d0c94886
  custom:video-decoder-ogg-theora: a1e56fd34408186e4bbccfd4996cb3dc -> 
  custom:scripting/monoscript/fileName/ExitPlayMode.cs: f2eb63cb1a92bddb334eb5c2d75abc43 -> 
  custom:scripting/monoscript/fileName/TestsCallback.cs: 420027d2a6ccaf7376f849b0f965edcd -> 
  custom:scripting/monoscript/fileName/EditorLoadedTestAssemblyProvider.cs: 406b39f61e53aa4b6c435e30af6b5276 -> 
  custom:scripting/monoscript/fileName/StringUtils.cs: e49393bed9b27f8092372b1c93fd8ad8 -> 
  custom:scripting/monoscript/fileName/Cli.cs: d287e08b50f2cb135aa4d7f8e01b7ef9 -> 
  custom:scripting/monoscript/fileName/UnityTestProtocolListener.cs: 0d4d2ab58d3a081f00c0f200ee8696be -> 
  custom:scripting/monoscript/fileName/ProjectPart.cs: e09789f5d21ec839c23f3a2c8c340a5a -> 
  custom:scripting/monoscript/fileName/FileIO.cs: e12d7b1846fe00e4e229609939e0062b -> 
  custom:scripting/monoscript/fileName/MessageEventArgs.cs: 528473bbcee3623fe954627c6bfadd2e -> 
  custom:scripting/monoscript/fileName/UnityTestProtocolStarter.cs: e4b107bc354fd6dcbd62420da6500b7c -> 
  custom:scripting/monoscript/fileName/RuntimeTestLauncherBase.cs: 9c570bd0d91da3e5211e4436ad92314b -> 
  custom:scripting/monoscript/fileName/TestEvent.cs: ff94f6973aa3f0db280f3ed0b7577e48 -> 
  custom:scripting/monoscript/fileName/SolutionProperties.cs: ab8751e49ae2f3d9994444a0a38619bd -> 
  custom:scripting/monoscript/fileName/SolutionGuidGenerator.cs: 39a21c4f5e351b9b4a2916e800641a4a -> 
  custom:scripting/monoscript/fileName/PackageManagerTracker.cs: 651bbc6653e509037fd83f80aa48fad7 -> 
  custom:scripting/monoscript/fileName/IFileIO.cs: d1715877724f6e7813b95bae6fbc24d5 -> 
  custom:scripting/monoscript/fileName/EditModeLauncher.cs: 9a2b5bcdc6140673378e5f8105411606 -> 
  custom:scripting/monoscript/fileName/ProjectGeneration.cs: 5d892aecaaa9b5c9f4162e2ae2b374ef -> 
  custom:audio-encoder-webm-vorbis: bf7c407c2cedff20999df2af8eb42d56 -> 
  custom:scripting/monoscript/fileName/TestRunnerApi.cs: c95fe169deea2b7a18c185e8b5613c7e -> 
  custom:scripting/monoscript/fileName/ResultsWriter.cs: 746214782064f32efde31c48d7caa76f -> 
  custom:scripting/monoscript/fileName/GuiHelper.cs: 7bbb51d455f8994ae6185c7dee04068a -> 
  custom:scripting/monoscript/fileName/LuminPlatformSetup.cs: e65a295a4e58fc042cc74afa9243a080 -> 
  custom:scripting/monoscript/fileName/CommandLineParser.cs: 25c8ce1c1ecf3aba3903da1187b88166 -> 
  custom:scripting/monoscript/fileName/BuildActionTaskBase.cs: 90647cc400823b41df847a6cbfc29026 -> 
  custom:scripting/monoscript/fileName/Solution.cs: 8bc97d0abd509f39b67b3a5bbac1b9a1 -> 
  custom:scripting/monoscript/fileName/TestBuildAssemblyFilter.cs: 056870da734fd8ecf77d00737a22149f -> 
  custom:scripting/monoscript/fileName/EditorAssemblyWrapper.cs: 8682dbb48030d53c622cd194bfa9e87d -> 
  custom:scripting/monoscript/fileName/TestRunnerCallbacks.cs: 5627cb9f4ed769fba607b0cab8e9e63d -> 
  custom:scripting/monoscript/fileName/RiderScriptEditor.cs: 4ddd2581343451de6f696adaf8c0958f -> 
  custom:scripting/monoscript/fileName/TestSettings.cs: d583ccee803a035f2d53ba29374aac19 -> 
  custom:scripting/monoscript/fileName/IUtpMessageReporter.cs: e8e6a62b6032a5642706a62156dd8314 -> 
  custom:scripting/monoscript/fileName/RequireApiProfileAttribute.cs: 4cce4894a0d08ef40fd237b8e50d1caa -> 
  custom:scripting/monoscript/fileName/CleanupVerificationTask.cs: 12e81b196e7eac521f1ae8e0411b3d28 -> 
  custom:scripting/monoscript/fileName/LegacyEditModeRunTask.cs: 2b5f09ef7f63773ca676d71969800516 -> 
  custom:scripting/monoscript/fileName/IEditorCompilationInterfaceProxy.cs: b1e49de3ac2ed1feea91c5f6846d6e49 -> 
  custom:scripting/monoscript/fileName/IErrorCallbacks.cs: fd7a49712e8a919d38dd0fddef8872df -> 
  custom:scripting/monoscript/fileName/RiderScriptEditorDataPersisted.cs: 93e7c36b8be60b7055550adb6ace534f -> 
  custom:SearchIndexIgnoredProperties: e643bd26f0fe6173181afceb89e7c659 -> 
  custom:scripting/monoscript/fileName/RiderPathUtil.cs: a77167e74e3a3d01856e2c8265c09e64 -> 
  custom:scripting/monoscript/fileName/TestFilterSettings.cs: 5275be823d4854688aedadf9bf48dfa8 -> 
  custom:scripting/monoscript/fileName/ProjectProperties.cs: 407063898a13eaad2cd100e43551c6b5 -> 
  custom:scripting/monoscript/fileName/CachingTestListProvider.cs: bfcb79acce43a93633071168c814d063 -> 
  custom:scripting/monoscript/fileName/KnownAssemblies.cs: 286bea9f8fcee5e392f6fc0f0cd541c8 -> 
  custom:scripting/monoscript/fileName/TestRunnerApiListener.cs: cc17cec8825a8f933d6ecbd68d51f1de -> 
  custom:scripting/monoscript/fileName/SimpleJSON.cs: 70c028a07c79c166db015acda1282d86 -> 
  custom:scripting/monoscript/fileName/PlatformSpecificSetup.cs: 0a7f9c0b27ae370d8bd5d3df4916ae28 -> 
  custom:scripting/monoscript/fileName/EditModeLauncherContextSettings.cs: d1e413330d98a9101237ccbe91f95dea -> 
  custom:scripting/monoscript/fileName/VSCodeDiscovery.cs: d83b4aff57b85f583bfc60cfbb7e527e -> 
  custom:scripting/monoscript/fileName/Symbols.cs: 27613575e8bda8a6448f80ff27c488f9 -> 
  custom:scripting/monoscript/fileName/ExitCallbacks.cs: 716173503afdef0ae4c4023adba1972e -> 
  custom:scripting/monoscript/fileName/AsyncOperation.cs: 90647cc400823b41df847a6cbfc29026 -> 
  custom:scripting/monoscript/fileName/CommandLineOption.cs: 211f73ad4421274a5a418608b74cc839 -> 
  custom:scripting/monoscript/fileName/VersionPair.cs: 88b4a0b7e953537f26ded0a68cf4c238 -> 
  custom:scripting/monoscript/fileName/ICallbacksHolder.cs: 790e89a97c8150c3044e584386d3ba9a -> 
  custom:scripting/monoscript/fileName/FileIOProvider.cs: 304525d180d2b661ce338fc8a3225752 -> 
  custom:scripting/monoscript/fileName/PlayerLauncher.cs: c1129f48ad00377c128c470482bb7e8e -> 
  custom:scripting/monoscript/fileName/GUIDGenerator.cs: 6dd6e35608006bcfade7642e5de04c6b -> 
  custom:container-demuxer-ogg: 62fdf1f143b41e24485cea50d1cbac27 -> 
  custom:scripting/monoscript/fileName/SdkStyleProjectGeneration.cs: bbd8a39d16aad1a0b8d5240b1f43f4a4 -> 
  custom:scripting/monoscript/fileName/PrebuildSetupTask.cs: a4e888a510b1441a257b12183e59237b -> 
  custom:scripting/monoscript/fileName/TestStarter.cs: d1bc3fba65bb4735afc3828355ea6c72 -> 
  custom:scripting/monoscript/fileName/ApplePlatformSetup.cs: 0ceeffeb4378c50fe08ff9b5d16a73f3 -> 
  custom:AudioImporter_EditorPlatform: d09bf68614088b80899f8185d706f6e7 -> 
  custom:scripting/monoscript/fileName/RerunCallback.cs: ffe49cf602017087ffa7749d06513ace -> 
  custom:scripting/monoscript/fileName/RiderMenu.cs: a430c0ff873704a92fbd3fa96f173c8d -> 
  custom:scripting/monoscript/fileName/EditorCompilationInterfaceProxy.cs: 12bc7b3dd0ab2ff83629d76ca37d0d4d -> 
  custom:CustomObjectIndexerAttribute: 9a22284fe3817be447336de3de66b15e -> 
  custom:scripting/monoscript/fileName/TestResultAdaptor.cs: fb4db3971d5379750cda884e7e44e3e4 -> 
  custom:scripting/monoscript/fileName/PlayerLauncherTestRunSettings.cs: ac04d6a6a9c6380f318071a2f4da8a2f -> 
  custom:scripting/monoscript/fileName/TestListTreeViewDataSource.cs: 153f0d5d9a6099f80f6d26e9c0ad6b7d -> 
  custom:scripting/monoscript/fileName/TestPlayerBuildModifierAttribute.cs: d4ffc53911ef24dec9dc901e0444a77b -> 
  custom:framework-win-MediaFoundation: 216162199b28c13a410421893ffa2e32 -> 
  custom:scripting/monoscript/fileName/ITestListCache.cs: 93f202374a8dd6602503d990ab2feb72 -> 
  custom:scripting/monoscript/fileName/PluginSettings.cs: 4ee82f9c59f87f1dece05e6b9763c365 -> 
  custom:scripting/monoscript/fileName/CommandLineOptionSet.cs: 57b6c3812f217f48a5cedf066a216cfd -> 
  custom:scripting/monoscript/fileName/TestTreeData.cs: 1859d24be324d8fb87ab0c693d76d928 -> 
  custom:scripting/monoscript/fileName/ITestRunnerApiMapper.cs: 337d02b691c8103d2eedc6b52f4f76ab -> 
  custom:scripting/monoscript/fileName/RerunCallbackInitializer.cs: a2ca4a4e4bb070fd30ec377e61ed66cb -> 
  custom:scripting/monoscript/fileName/LastWriteTracker.cs: c78bd5b4fa28ac60ca7ed50f9c2b99d2 -> 
  custom:scripting/monoscript/fileName/IEditorAssembliesProxy.cs: 8586f95fda82b1fa948b8ac0ebb50a9d -> 
  custom:scripting/monoscript/fileName/VSCodeScriptEditor.cs: 976f19e81f1a1748ecd5ce0eeab6e373 -> 
  custom:scripting/monoscript/fileName/FileSystemUtil.cs: 3a1d37ca0015bdfbd542c903cf738043 -> 
  custom:scripting/monoscript/fileName/SettingsBuilder.cs: 9aeeee75a181ed82e0343a1fb6b9cead -> 
  custom:scripting/monoscript/fileName/ICallbacks.cs: a9c5fd289272fce7e09c7f3e5f11b8a0 -> 
  custom:scripting/monoscript/fileName/ITestListCacheData.cs: 09682e3e03141d9f43100cdaff3665eb -> 
  custom:scripting/monoscript/fileName/AndroidPlatformSetup.cs: 67d5fa212608c900d88b1544a5f49997 -> 
  custom:scripting/monoscript/fileName/SetupException.cs: 38724dd55c58f65b09d9fda4b6161021 -> 
  custom:scripting/monoscript/fileName/PrebuildSetupAttributeFinder.cs: 1f975f3a70c8f9747da919735d84e6c3 -> 
  custom:scripting/monoscript/fileName/IEditorLoadedTestAssemblyProvider.cs: cbb3f715010afa8cd4f0f40294bb78ba -> 
  custom:scripting/monoscript/fileName/TestListCacheData.cs: 295232838ed90f85679b2d004562d59e -> 
  custom:scripting/monoscript/fileName/UnityInstallation.cs: 0ba30d4545f2c34a9323456723b5dbfe -> 
  custom:scripting/monoscript/fileName/StringBuilderExtensions.cs: 14a3bca92eed52569c50d58813f48a9b -> 
  custom:scripting/monoscript/fileName/AssemblyNameProvider.cs: 170b0fd934f78f2e6a09342014bfa1fc -> 
  custom:scripting/monoscript/fileName/SolutionProjectEntry.cs: 68cea09e9af09443edf61e18806ac1c2 -> 
  custom:scripting/monoscript/fileName/TestListProvider.cs: f8235933605b6a025c9638df0194bf97 -> 
  custom:scripting/monoscript/fileName/ITestListProvider.cs: 0169c532d74787e64cd4163cd55d4572 -> 
  custom:scripting/monoscript/fileName/TestListGUIBase.cs: 24d4809a020104916f1cbf5b523f10ca -> 
  custom:scripting/monoscript/fileName/VisualStudioEditor.cs: 21e59f688ad500ab61aca318850ec505 -> 
  custom:scripting/monoscript/fileName/EditorPluginInterop.cs: 087796556f1ed2025e28209e52d82ccc -> 
  custom:scripting/monoscript/fileName/WindowResultUpdaterDataHolder.cs: 2de8ba1615f5d28c30d54411d42e2524 -> 
  custom:scripting/monoscript/fileName/LogWriter.cs: 89105d9cfbe59e79a996dde998b3e7ff -> 
  custom:scripting/monoscript/fileName/LegacyPlayModeRunTask.cs: 8a159c990fea520d0af36b86d243e79e -> 
  custom:scripting/monoscript/fileName/TestRunCanceledException.cs: ff7dc6bce365deb50fafe94b823009cb -> 
  custom:scripting/monoscript/fileName/ISettingsBuilder.cs: af84c62ea6a033820a24a2d04c70d5c3 -> 
  custom:scripting/monoscript/fileName/IGenerator.cs: 7460422a7cf0a449df86606b185ffb0e -> 
  custom:scripting/monoscript/fileName/RenderingOptions.cs: a84cebfad0b53e3dbf0202be3cc1d6d3 -> 
  custom:scripting/monoscript/fileName/ITestResultAdaptor.cs: bb9e1bbb2ff45e5a5f11e877a24721d7 -> 
  custom:scripting/monoscript/fileName/VisualStudioInstallation.cs: 41612f13db7783c8635801ab159c1079 -> 
  custom:scripting/monoscript/fileName/IAssetsDatabaseHelper.cs: 4f8027cddf715e38f75ab454f20fe051 -> 
  custom:scripting/monoscript/fileName/LogSavingCallbacks.cs: 8eb93b3e2c76ea1a8acb6e2d0b5c5f91 -> 
  custom:scripting/monoscript/fileName/VisualStudioForWindowsInstallation.cs: 468ed6fb57813d3de23aa53f5f59c2eb -> 
  custom:scripting/monoscript/fileName/ITestAdaptorFactory.cs: 0cef1125679c38dd172e82c8aed26eb9 -> 
  custom:scripting/monoscript/fileName/TestListJob.cs: 3a58b9c1d09f7f4ecb41254c8497b5c7 -> 
  custom:scripting/monoscript/fileName/SwitchPlatformSetup.cs: 576de741bbd585688af4b8aaf70f0708 -> 
  custom:scripting/monoscript/fileName/TestFinishedMessage.cs: ccd3538dc4059cd71acd9bfea48dbc80 -> 
  custom:scripting/monoscript/fileName/PlayerLauncherContextSettings.cs: 3c0a34dce28ade8f88b3e213fadb0738 -> 
  custom:scripting/monoscript/fileName/WindowResultUpdater.cs: 605812b0e2a9a0174e15ed86a3d5ac57 -> 
  custom:scripting/monoscript/fileName/IAssemblyNameProvider.cs: 005dc9d9c07dc825fea94e0fbc841e20 -> 
  custom:scripting/monoscript/fileName/TestRunnerResult.cs: 613fb3e1dfef14aa9d5aea2cd635ffff -> 
  custom:scripting/monoscript/fileName/EditModeRunner.cs: f1ceb581ae48e42ca32e80f796ce45bc -> 
  custom:scripting/monoscript/fileName/Icons.cs: d200e454d3abc3ae715b656f39ed7d9c -> 
  custom:scripting/monoscript/fileName/ITestTreeRebuildCallbacks.cs: f952713f83d574a58f719696be7e52a3 -> 
  custom:scripting/monoscript/fileName/RunSettings.cs: 6770f3fdaf287e73ff6c63f28a5a7e92 -> 
  custom:scripting/monoscript/fileName/Serializer.cs: d7df1b97d0a3bd0bb98fd4d2d5bf5d29 -> 
  custom:scripting/monoscript/fileName/SaveModiedSceneTask.cs: 135adac13be698ff4439d6c6268aa5b8 -> 
  custom:scripting/monoscript/fileName/UITestRunnerFilter.cs: a9e31eaec62dd508fa917eadb1c52808 -> 
  custom:scripting/monoscript/fileName/Executer.cs: 3f667ef14fa1c500658713b8aa31fd85 -> 
  custom:scripting/monoscript/fileName/UtpMessageReporter.cs: 1ce82c57220e51532d6b3e5da0cecc24 -> 
  custom:scripting/monoscript/fileName/FileCleanupVerifierTaskBase.cs: 8c0e90b329ac988e22429767c222f3c6 -> 
  custom:scripting/monoscript/fileName/UwpPlatformSetup.cs: b9f50f93de5f547a7eaf96f1bc58a80f -> 
  custom:scripting/monoscript/fileName/EnumeratorStepHelper.cs: 05022a723dcf173476ccb43403871168 -> 
  custom:scripting/monoscript/fileName/AssetPipelineIgnore.cs: 09786e27e9aef22fa608d3ec356f88ff -> 
  custom:scripting/monoscript/fileName/RecompileScripts.cs: 73e345449efb1420f34aad9debcdf2bd -> 
  custom:scripting/monoscript/fileName/LibcNativeInterop.cs: 77c1db6bef2e1063dc874463b520ed18 -> 
  custom:scripting/monoscript/fileName/StadiaPlatformSetup.cs: 27e00e91e04b4888c1d6354fa4baa6a5 -> 
  custom:scripting/monoscript/fileName/TestResultSerializer.cs: b75c8de5ed0cf8b4071350488249260d -> 
  custom:scripting/monoscript/fileName/TestSettingsDeserializer.cs: 2daa2d89ea5f024d33cb1e72a3d35d63 -> 
  custom:scripting/monoscript/fileName/EditModeTestListGUI.cs: 8831f0ca2dcd13614282b516af72c688 -> 
  custom:scripting/monoscript/fileName/CallbackData.cs: b15b13425eedd78fb5c4fc4930a9e8b4 -> 
  custom:scripting/monoscript/fileName/Messenger.cs: f4ebc46d09b2b4de489946914db2aae0 -> 
  custom:scripting/monoscript/fileName/StartUpMethodExecutor.cs: 45cc23141d36926881d69e4d2f8950c7 -> 
  custom:scripting/monoscript/fileName/IUtpLogger.cs: 1b41334d9fc4fd5edb024e0bd2a6db56 -> 
  custom:scripting/monoscript/fileName/DelayedCallback.cs: e88c5396d33adcd6404b4cb8a051b2b1 -> 
  custom:scripting/monoscript/fileName/TcpListener.cs: 940bfdac0e91ad2884e6359468f2782a -> 
  custom:scripting/monoscript/fileName/TestRunnerWindow.cs: 156fc89bab7bdd82ca70e07c9aa9ebbd -> 
  custom:scripting/monoscript/fileName/RiderStyles.cs: 871a958d95b29e48af876a5d411c626a -> 
  custom:scripting/monoscript/fileName/GUIDProvider.cs: cdd3f47e4fe593d2dfdf9915fa537e3f -> 
  custom:scripting/monoscript/fileName/TestRunnerApiMapper.cs: 241489454095fad1d1d89166ee62820f -> 
  custom:scripting/monoscript/fileName/Message.cs: 671a789acb2c7a93d0b620fe02979957 -> 
  custom:scripting/monoscript/fileName/TestTreeViewBuilder.cs: 6ec2bdd7d75f4f5e0b3318e1489ac19d -> 
  custom:scripting/monoscript/fileName/LegacyPlayerRunTask.cs: 148e0500b0761261bc418d25c26e82b1 -> 
  custom:scripting/monoscript/fileName/SolutionParser.cs: 240a75b5fc2682997268aa77e6a1dd86 -> 
  custom:scripting/monoscript/fileName/BuildTestTreeTask.cs: ca4a5380bc07f43d0ad6bc5c2ca39b4b -> 
  custom:scripting/monoscript/fileName/ICallbacksDelegator.cs: 2bfa822de05a601b9fbe2f79d4d317c0 -> 
  custom:scripting/monoscript/fileName/TestListGuiHelper.cs: 6d40eb061ebdba07e078b90b14eadffd -> 
  custom:container-demuxer-webm: 4f35f7cbe854078d1ac9338744f61a02 -> 
  custom:scripting/monoscript/fileName/IGuiHelper.cs: da57d3fb0f8ace42d5b01eed25e9e3d5 -> 
  custom:scripting/monoscript/fileName/TestAdaptor.cs: 486cec8559bad7c56adc699f165feb67 -> 
  custom:scripting/monoscript/fileName/EditmodeWorkItemFactory.cs: e9c8ba8d2a4b7d9a886e64626b2e6205 -> 
  custom:scripting/monoscript/fileName/TestJobData.cs: 194f4626c5a4649f7b9d85aa9d59e59a -> 
  custom:scripting/monoscript/fileName/TestStartedMessage.cs: 2e20a681c83fd9e8634c9b938205f951 -> 
  custom:scripting/monoscript/fileName/TestPlanMessage.cs: 6199b0505360321c39d00a607adaaf8d -> 
  custom:scripting/monoscript/fileName/CallbacksDelegator.cs: e0dcdade48f633c0a7cebc925bd686c4 -> 
  custom:scripting/monoscript/fileName/TcpClient.cs: a949cfd4c46427829913ee0195fa0103 -> 
  custom:scripting/monoscript/fileName/ITestSettings.cs: 7d6676128f469c2eefb2813ec592ab4f -> 
  custom:scripting/monoscript/fileName/UsageUtility.cs: 5ed3d13206b2b96245ce59a5c83beed1 -> 
  custom:scripting/monoscript/fileName/ITestRunSettings.cs: a5342276210c7f86635118880184dc77 -> 
  custom:scripting/monoscript/fileName/CallbacksDelegatorListener.cs: f80c4f45fed6816f24285f468af00026 -> 
  custom:scripting/monoscript/fileName/IPlatformSetup.cs: 6f20476898784a15f8b8eb28653a67fd -> 
  custom:scripting/monoscript/fileName/TestTreeViewItem.cs: aae3d62f4daf680133c1c18c7814d15e -> 
  custom:scripting/monoscript/fileName/TestRunnerWindowSettings.cs: fb70b758f65d0605100dbd9482b7158e -> 
  custom:container-muxer-webm: aa71ff27fc2769a1b78a27578f13a17b -> 
  custom:scripting/monoscript/fileName/AttributeFinderBase.cs: 7e104530f871143fdb60a169114dd663 -> 
  custom:scripting/monoscript/fileName/RiderScriptEditorData.cs: fb9aed0c9d95878995d450a00d549f78 -> 
  custom:scripting/monoscript/fileName/SaveUndoIndexTask.cs: 6e0bcd5f418cf8184993174ac732fff4 -> 
  custom:scripting/monoscript/fileName/PlayerLauncherBuildOptions.cs: 39352f62028667e3cc8d13371f828f55 -> 
  custom:scripting/monoscript/fileName/ProcessRunner.cs: 932a2a80cb9a3539199f645deff3c585 -> 
  custom:scripting/monoscript/fileName/PlaymodeLauncher.cs: 7559db6722a49842c0446e2fd98b6c97 -> 
  custom:scripting/monoscript/fileName/WaitForDomainReload.cs: b6033700f0adcf3b23782f04c42e269c -> 
  custom:scripting/monoscript/fileName/ExitCallbacksDataHolder.cs: 2a73f9623aa81becb5d8d11a43747b12 -> 
  custom:scripting/monoscript/fileName/EditorEnumeratorTestWorkItem.cs: b8f886476b7c18f3c1cdeae30ec0c8ea -> 
  custom:scripting/monoscript/fileName/RegisterFilesForCleanupVerificationTask.cs: f18fd2d946c9ea52b8232f47d6d70221 -> 
  custom:scripting/monoscript/fileName/ICommandLineOption.cs: 58da599070a3bdab08afc8355de79ed5 -> 
  custom:scripting/monoscript/fileName/ITestSettingsDeserializer.cs: 22e37de7af2cea07971d0ba87110dad7 -> 
  custom:scripting/monoscript/fileName/AnalyticsReporter.cs: 990f0ccd7dd9ebe56483e30a572c9394 -> 
  custom:scripting/monoscript/fileName/TestRunnerStateSerializer.cs: 7206f4f1eb4c5991ea76b5c39830dba4 -> 
  custom:scripting/monoscript/fileName/TestAdaptorFactory.cs: b9e4d12260befcd688940e2c80db8ee8 -> 
  custom:scripting/monoscript/fileName/UtpDebuglogger.cs: 2f96cd7ac1384aa23e8238df80ef8354 -> 
  custom:scripting/monoscript/fileName/VisualStudioCodeInstallation.cs: 6b6ec59c4ff0bddfc5db8b3c453d5172 -> 
  custom:scripting/monoscript/fileName/EditModePCHelper.cs: e16a214ddb2d161f4792170cb0c8e6aa -> 
  custom:scripting/monoscript/fileName/ExecutionSettings.cs: bbd5f229f5dcda0d2d7d6fe8eb266a59 -> 
  custom:scripting/monoscript/fileName/Deserializer.cs: 1cc72e9ed2428cc6d6ce2d4d2ad7b02b -> 
  custom:scripting/monoscript/fileName/Discovery.cs: 2b1006b9be47307c73378eaafc98b6fb -> 
  custom:scripting/monoscript/fileName/IGUIDGenerator.cs: bad2c2e3b2dbec33c36bdfd6fc903e19 -> 
  custom:scripting/monoscript/fileName/AnalyticsTestCallback.cs: 70c2658c96c40ebe349fda85c81dae6e -> 
  custom:scripting/monoscript/fileName/RemotePlayerLogController.cs: 158b55f2a8781eb1cac7ac26acd42fc6 -> 
  custom:scripting/monoscript/fileName/TestTaskBase.cs: 162ca0c58961a22b2d7f2a866ccb62df -> 
  custom:scripting/monoscript/fileName/CallbacksHolder.cs: 8b4255bb9b31589c4c3dd9303007381d -> 
========================================================================
Received Import Request.
  Time since last request: 1695.840733 seconds.
  path: Assets/SimplePoly City - Low Poly Assets/Materials/Natures.mat
  artifactKey: Guid(39f651e340882304fa6f21b321d3bea5) Importer(815301076,1909f56bfc062723c751e8b465ee728b)
Start importing Assets/SimplePoly City - Low Poly Assets/Materials/Natures.mat using Guid(39f651e340882304fa6f21b321d3bea5) Importer(815301076,1909f56bfc062723c751e8b465ee728b) [PhysX] Initialized MultithreadedTaskDispatcher with 8 workers.
[PhysX] Initialized MultithreadedTaskDispatcher with 8 workers.
 -> (artifact id: 'a0ce03f7101c8ee3e5d9f4368fdfa874') in 0.150600 seconds
Number of updated asset objects reloaded before import = 0
Number of asset objects unloaded after import = 2
